<?xml version="1.0" encoding="UTF-8"?>
<!-- Generated by org.testng.reporters.JUnitXMLReporter -->
<testsuite ignored="0" hostname="RAGHULSWETHA" failures="0" tests="11" name="Default test" time="26.207" errors="0" timestamp="2023-05-18T18:16:40 IST">
  <testcase classname="TestLayer.ObjectC" name="Obj" time="0.12"/>
  <testcase classname="TestLayer.ObjectC" name="boo" time="3.645"/>
  <testcase classname="TestLayer.ObjectC" name="doo" time="7.297"/>
  <testcase classname="TestLayer.ObjectC" name="price" time="0.095"/>
  <testcase classname="TestLayer.ObjectC" name="flight" time="3.496"/>
  <testcase classname="TestLayer.ObjectC" name="news" time="0.041"/>
  <testcase classname="TestLayer.ObjectC" name="total" time="0.036"/>
  <testcase classname="TestLayer.ObjectC" name="finish" time="1.765"/>
  <testcase classname="TestLayer.ObjectC" name="valid" time="3.05"/>
  <testcase classname="TestLayer.ObjectC" name="end" time="1.051"/>
  <testcase classname="TestLayer.ObjectC" name="Report" time="0.037"/>
</testsuite> <!-- Default test -->
